[toiga.kz/shablon3.html]
[backblue.gif]
[fade.gif]
[index.html]
[neo.tildacdn.com/js/tilda-fallback-1.0.min.js]
[static.tildacdn.com/css/tilda-grid-3.0.min.css]
[toiga.kz/tilda-blocks-page35939576.min08de.css]
[static.tildacdn.com/css/tilda-animation-2.0.min.css]
[static.tildacdn.com/css/tilda-forms-1.0.min.css]
[static.tildacdn.com/js/tilda-polyfill-1.0.min.js]
[toiga.kz/tilda-blocks-page35939576.min08de.js]
[static.tildacdn.com/js/jquery-1.10.2.min.js]
[static.tildacdn.com/js/tilda-scripts-3.0.min.js]
[static.tildacdn.com/js/lazyload-1.3.min.js]
[static.tildacdn.com/js/tilda-animation-2.0.min.js]
[static.tildacdn.com/js/tilda-zero-1.1.min.js]
[static.tildacdn.com/js/tilda-forms-1.0.min.js]
[static.tildacdn.com/js/tilda-zero-forms-1.0.min.js]
[static.tildacdn.com/js/tilda-animation-sbs-1.0.min.js]
[static.tildacdn.com/js/tilda-zero-scale-1.0.min.js]
[static.tildacdn.com/js/tilda-events-1.0.min.js]
[megatimer.ru/get/22b61803121958025e29f4fcc783c0ae.js]
[static.tildacdn.com/tild6630-3066-4863-b839-643432353461/photo.png]
[static.tildacdn.com/tild3561-3664-4832-b136-356161303037/photo.png]
[static.tildacdn.com/img/tildacopy.png]
[toiga.kz/shablon3.html]
[static.tildacdn.com/css/tilda-grid-3.0.min.css]
[toiga.kz/tilda-blocks-page35939576.min08de.css]
[static.tildacdn.com/css/tilda-animation-2.0.min.css]
[static.tildacdn.com/css/tilda-forms-1.0.min.css]
[toiga.kz/OPR/index.html]
[static.tildacdn.com/js/tilda-stat-1.0.min.js]
